<?xml version="1.0" encoding="UTF-8"?>
<!-- Generated by org.testng.reporters.JUnitReportReporter -->
<testsuite hostname="Nitins-MacBook-Pro.local" failures="0" tests="5" name="com.testNG.SATNG_06_groupingThetestcases" time="0.028" errors="0" timestamp="2025-01-09T10:05:23 GMT-08:00" skipped="0">
  <testcase classname="com.testNG.SATNG_06_groupingThetestcases" name="registeration" time="0.018"/>
  <testcase classname="com.testNG.SATNG_06_groupingThetestcases" name="login" time="0.001"/>
  <testcase classname="com.testNG.SATNG_06_groupingThetestcases" name="productListingPage" time="0.003"/>
  <testcase classname="com.testNG.SATNG_06_groupingThetestcases" name="addProductToBasket" time="0.003"/>
  <testcase classname="com.testNG.SATNG_06_groupingThetestcases" name="checkout" time="0.003"/>
</testsuite> <!-- com.testNG.SATNG_06_groupingThetestcases -->
