<?xml version="1.0" encoding="UTF-8"?>
<!-- Generated by org.testng.reporters.JUnitReportReporter -->
<testsuite hostname="Nitins-MacBook-Pro.local" failures="0" tests="2" name="com.testNG.SATNG_01_FirstTest" time="46.689" errors="0" timestamp="2025-01-09T10:20:21 GMT-08:00" skipped="0">
  <testcase classname="com.testNG.SATNG_01_FirstTest" name="openGoogle" time="27.510"/>
  <testcase classname="com.testNG.SATNG_01_FirstTest" name="openFaceBook" time="19.179"/>
</testsuite> <!-- com.testNG.SATNG_01_FirstTest -->
