<?xml version="1.0" encoding="UTF-8"?>
<!-- Generated by org.testng.reporters.JUnitReportReporter -->
<testsuite hostname="Nitins-MacBook-Pro.local" failures="0" tests="1" name="com.testNG.D12WriteDataToExcel" time="0.031" errors="0" timestamp="2025-01-14T12:00:29 GMT-08:00" skipped="0">
  <testcase classname="com.testNG.D12WriteDataToExcel" name="writeData" time="0.031"/>
</testsuite> <!-- com.testNG.D12WriteDataToExcel -->
