<?xml version="1.0" encoding="UTF-8"?>
<!-- Generated by org.testng.reporters.JUnitReportReporter -->
<testsuite hostname="Nitins-MacBook-Pro.local" failures="0" tests="2" name="com.testNG.SATNG_02_ALLAnotations" time="0.043" errors="0" timestamp="2025-01-09T09:49:27 GMT-08:00" skipped="0">
  <testcase classname="com.testNG.SATNG_02_ALLAnotations" name="testB" time="0.002"/>
  <testcase classname="com.testNG.SATNG_02_ALLAnotations" name="testA" time="0.041"/>
</testsuite> <!-- com.testNG.SATNG_02_ALLAnotations -->
