<?xml version="1.0" encoding="UTF-8"?>
<!-- Generated by org.testng.reporters.JUnitReportReporter -->
<testsuite hostname="Nitins-MacBook-Pro.local" failures="0" tests="1" name="com.testNG.SATNG_08_KeyWordDriven" time="12.582" errors="0" timestamp="2025-01-10T09:03:23 GMT-08:00" skipped="0">
  <testcase classname="com.testNG.SATNG_08_KeyWordDriven" name="logintest" time="12.582"/>
</testsuite> <!-- com.testNG.SATNG_08_KeyWordDriven -->
