<?xml version="1.0" encoding="UTF-8"?>
<!-- Generated by org.testng.reporters.JUnitReportReporter -->
<testsuite hostname="Nitins-MacBook-Pro.local" failures="0" tests="1" name="com.testNG.SATNG_10_TC_Runner" time="7.614" errors="0" timestamp="2025-01-10T10:14:19 GMT-08:00" skipped="0">
  <testcase classname="com.testNG.SATNG_10_TC_Runner" name="loginTest" time="7.614"/>
</testsuite> <!-- com.testNG.SATNG_10_TC_Runner -->
