<?xml version="1.0" encoding="UTF-8"?>
<!-- Generated by org.testng.reporters.JUnitReportReporter -->
<testsuite hostname="Nitins-MacBook-Pro.local" failures="0" tests="3" name="com.testNG.SATNG_03_DataProvider" time="0.027" errors="0" timestamp="2025-01-09T09:49:27 GMT-08:00" skipped="0">
  <testcase classname="com.testNG.SATNG_03_DataProvider" name="getData" time="0.025"/>
  <testcase classname="com.testNG.SATNG_03_DataProvider" name="getData" time="0.001"/>
  <testcase classname="com.testNG.SATNG_03_DataProvider" name="getData" time="0.001"/>
</testsuite> <!-- com.testNG.SATNG_03_DataProvider -->
