<?xml version="1.0" encoding="UTF-8"?>
<!-- Generated by org.testng.reporters.JUnitReportReporter -->
<testsuite hostname="Nitins-MacBook-Pro.local" failures="0" tests="3" name="com.testNG.SATNG_01_FirstTest" time="163.392" errors="0" timestamp="2025-01-08T09:37:01 GMT-08:00" skipped="0">
  <testcase classname="com.testNG.SATNG_01_FirstTest" name="openGoogle" time="15.131"/>
  <testcase classname="com.testNG.SATNG_01_FirstTest" name="openCNN" time="138.118"/>
  <testcase classname="com.testNG.SATNG_01_FirstTest" name="openFaceBook" time="10.143"/>
</testsuite> <!-- com.testNG.SATNG_01_FirstTest -->
