<?xml version="1.0" encoding="UTF-8"?>
<!-- Generated by org.testng.reporters.JUnitReportReporter -->
<testsuite hostname="Nitins-MacBook-Pro.local" failures="0" tests="2" name="com.testNG.SATNG_02_POI_WriteDataInExcelFile" time="0.042" errors="0" timestamp="2025-01-15T09:58:18 GMT-08:00" skipped="0">
  <testcase classname="com.testNG.SATNG_02_POI_WriteDataInExcelFile" name="writeData" time="0.039"/>
  <testcase classname="com.testNG.SATNG_02_POI_WriteDataInExcelFile" name="writeData1" time="0.003"/>
</testsuite> <!-- com.testNG.SATNG_02_POI_WriteDataInExcelFile -->
