<?xml version="1.0" encoding="UTF-8"?>
<!-- Generated by org.testng.reporters.JUnitReportReporter -->
<testsuite hostname="Nitins-MacBook-Pro.local" failures="0" tests="3" name="com.testNG.SATNG_05_DependsFuctionality" time="0.028" errors="0" timestamp="2025-01-09T09:10:24 GMT-08:00" skipped="0">
  <testcase classname="com.testNG.SATNG_05_DependsFuctionality" name="search" time="0.023"/>
  <testcase classname="com.testNG.SATNG_05_DependsFuctionality" name="selectPhone" time="0.003"/>
  <testcase classname="com.testNG.SATNG_05_DependsFuctionality" name="checkout" time="0.002"/>
</testsuite> <!-- com.testNG.SATNG_05_DependsFuctionality -->
