<?xml version="1.0" encoding="UTF-8"?>
<!-- Generated by org.testng.reporters.JUnitReportReporter -->
<testsuite hostname="Nitins-MacBook-Pro.local" failures="0" tests="3" name="com.testNG.SATNG_03_DataProvider" time="0.080" errors="0" timestamp="2025-01-08T10:26:04 GMT-08:00" skipped="0">
  <testcase classname="com.testNG.SATNG_03_DataProvider" name="getData" time="0.002"/>
  <testcase classname="com.testNG.SATNG_03_DataProvider" name="getData" time="0.075"/>
  <testcase classname="com.testNG.SATNG_03_DataProvider" name="getData" time="0.003"/>
</testsuite> <!-- com.testNG.SATNG_03_DataProvider -->
