<?xml version="1.0" encoding="UTF-8"?>
<!-- Generated by org.testng.reporters.JUnitReportReporter -->
<testsuite hostname="Nitins-MacBook-Pro.local" failures="0" tests="1" name="com.testNG.D13CreatingFriendsData" time="0.043" errors="0" timestamp="2025-01-14T12:01:55 GMT-08:00" skipped="0">
  <testcase classname="com.testNG.D13CreatingFriendsData" name="writeData" time="0.043"/>
</testsuite> <!-- com.testNG.D13CreatingFriendsData -->
