<?xml version="1.0" encoding="UTF-8"?>
<!-- Generated by org.testng.reporters.JUnitReportReporter -->
<testsuite hostname="Nitins-MacBook-Pro.local" failures="0" tests="6" name="com.testNG.D14CreateLoginData" time="0.045" errors="0" timestamp="2025-01-14T12:03:31 GMT-08:00" skipped="0">
  <testcase classname="com.testNG.D14CreateLoginData" name="writeData" time="0.003"/>
  <testcase classname="com.testNG.D14CreateLoginData" name="writeData" time="0.019"/>
  <testcase classname="com.testNG.D14CreateLoginData" name="writeData" time="0.008"/>
  <testcase classname="com.testNG.D14CreateLoginData" name="writeData" time="0.004"/>
  <testcase classname="com.testNG.D14CreateLoginData" name="writeData" time="0.007"/>
  <testcase classname="com.testNG.D14CreateLoginData" name="writeData" time="0.004"/>
</testsuite> <!-- com.testNG.D14CreateLoginData -->
