<?xml version="1.0" encoding="UTF-8"?>
<!-- Generated by org.testng.reporters.JUnitReportReporter -->
<testsuite hostname="Nitins-MacBook-Pro.local" failures="0" tests="4" name="com.testNG.SATNG_07_Groupingtc" time="0.038" errors="0" timestamp="2025-01-09T10:14:26 GMT-08:00" skipped="0">
  <testcase classname="com.testNG.SATNG_07_Groupingtc" name="testA" time="0.026"/>
  <testcase classname="com.testNG.SATNG_07_Groupingtc" name="registeration" time="0.004"/>
  <testcase classname="com.testNG.SATNG_07_Groupingtc" name="login" time="0.004"/>
  <testcase classname="com.testNG.SATNG_07_Groupingtc" name="searchProduct" time="0.004"/>
</testsuite> <!-- com.testNG.SATNG_07_Groupingtc -->
