<?xml version="1.0" encoding="UTF-8"?>
<!-- Generated by org.testng.reporters.JUnitReportReporter -->
<testsuite hostname="Nitins-MacBook-Pro.local" failures="0" tests="2" name="com.testNG.SATNG_02_ALLAnotations" time="0.016" errors="0" timestamp="2025-01-08T10:13:34 GMT-08:00" skipped="0">
  <testcase classname="com.testNG.SATNG_02_ALLAnotations" name="testB" time="0.004"/>
  <testcase classname="com.testNG.SATNG_02_ALLAnotations" name="testA" time="0.012"/>
</testsuite> <!-- com.testNG.SATNG_02_ALLAnotations -->
