<?xml version="1.0" encoding="UTF-8"?>
<!-- Generated by org.testng.reporters.JUnitReportReporter -->
<testsuite hostname="Nitins-MacBook-Pro.local" failures="0" tests="6" name="com.testNG.D16LoginToOHRM_DDF" time="22.777" errors="0" timestamp="2025-01-14T12:07:15 GMT-08:00" skipped="0">
  <testcase classname="com.testNG.D16LoginToOHRM_DDF" name="loginToOHRM" time="5.870"/>
  <testcase classname="com.testNG.D16LoginToOHRM_DDF" name="loginToOHRM" time="8.294"/>
  <testcase classname="com.testNG.D16LoginToOHRM_DDF" name="loginToOHRM" time="3.858"/>
  <testcase classname="com.testNG.D16LoginToOHRM_DDF" name="loginToOHRM" time="1.671"/>
  <testcase classname="com.testNG.D16LoginToOHRM_DDF" name="loginToOHRM" time="1.416"/>
  <testcase classname="com.testNG.D16LoginToOHRM_DDF" name="loginToOHRM" time="1.668"/>
</testsuite> <!-- com.testNG.D16LoginToOHRM_DDF -->
