<?xml version="1.0" encoding="UTF-8"?>
<!-- Generated by org.testng.reporters.JUnitReportReporter -->
<testsuite hostname="Nitins-MacBook-Pro.local" failures="0" tests="1" name="com.selenium.mavenproject.takeScreenShotWithBase" time="7.219" errors="0" timestamp="2025-01-16T10:19:05 GMT-08:00" skipped="0">
  <testcase classname="com.selenium.mavenproject.takeScreenShotWithBase" name="takeScreenShots" time="7.219"/>
</testsuite> <!-- com.selenium.mavenproject.takeScreenShotWithBase -->
