<?xml version="1.0" encoding="UTF-8"?>
<!-- Generated by org.testng.reporters.JUnitReportReporter -->
<testsuite hostname="Nitins-MacBook-Pro.local" failures="0" tests="2" name="com.selenium.mavenproject.LoginTestcases" time="29.533" errors="0" timestamp="2025-01-17T10:16:18 GMT-08:00" skipped="0">
  <testcase classname="com.selenium.mavenproject.LoginTestcases" name="login" time="14.889"/>
  <testcase classname="com.selenium.mavenproject.LoginTestcases" name="login" time="14.644"/>
</testsuite> <!-- com.selenium.mavenproject.LoginTestcases -->
