<?xml version="1.0" encoding="UTF-8"?>
<!-- Generated by org.testng.reporters.JUnitReportReporter -->
<testsuite hostname="Nitins-MacBook-Pro.local" failures="0" tests="1" name="com.selenium.mavenproject.D03Login_Logout_OHRM" time="18.166" errors="0" timestamp="2025-01-17T07:20:21 GMT-08:00" skipped="0">
  <testcase classname="com.selenium.mavenproject.D03Login_Logout_OHRM" name="login" time="18.166"/>
</testsuite> <!-- com.selenium.mavenproject.D03Login_Logout_OHRM -->
