<?xml version="1.0" encoding="UTF-8"?>
<!-- Generated by org.testng.reporters.JUnitReportReporter -->
<testsuite hostname="Nitins-MacBook-Pro.local" failures="0" tests="2" name="com.selenium.mavenproject.LoginTestcases" time="28.623" errors="0" timestamp="2025-01-21T09:37:08 GMT-08:00" skipped="0">
  <testcase classname="com.selenium.mavenproject.LoginTestcases" name="login" time="14.338"/>
  <testcase classname="com.selenium.mavenproject.LoginTestcases" name="login" time="14.285"/>
</testsuite> <!-- com.selenium.mavenproject.LoginTestcases -->
