<?xml version="1.0" encoding="UTF-8"?>
<!-- Generated by org.testng.reporters.JUnitReportReporter -->
<testsuite hostname="Nitins-MacBook-Pro.local" failures="0" tests="2" name="com.ExcelFunctions.sample" time="0.014" errors="0" timestamp="2025-01-17T06:29:28 GMT-08:00" skipped="0">
  <testcase classname="com.ExcelFunctions.sample" name="sampleTest1" time="0.003"/>
  <testcase classname="com.ExcelFunctions.sample" name="sampleTest" time="0.011"/>
</testsuite> <!-- com.ExcelFunctions.sample -->
